c:\users\deirdree\documents\acse_stuff\acse-5-advanced-programming-coursework-1-tokyo\climate_tracker_rboyne_dpolak\climate_tracker_rboyne_dpolak\x64\debug\vc141.pdb
c:\users\deirdree\documents\acse_stuff\acse-5-advanced-programming-coursework-1-tokyo\climate_tracker_rboyne_dpolak\climate_tracker_rboyne_dpolak\x64\debug\vc141.idb
c:\users\deirdree\documents\acse_stuff\acse-5-advanced-programming-coursework-1-tokyo\climate_tracker_rboyne_dpolak\climate_tracker_rboyne_dpolak\x64\debug\save_data.obj
c:\users\deirdree\documents\acse_stuff\acse-5-advanced-programming-coursework-1-tokyo\climate_tracker_rboyne_dpolak\climate_tracker_rboyne_dpolak\x64\debug\plot.obj
c:\users\deirdree\documents\acse_stuff\acse-5-advanced-programming-coursework-1-tokyo\climate_tracker_rboyne_dpolak\climate_tracker_rboyne_dpolak\x64\debug\load_data.obj
c:\users\deirdree\documents\acse_stuff\acse-5-advanced-programming-coursework-1-tokyo\climate_tracker_rboyne_dpolak\climate_tracker_rboyne_dpolak\x64\debug\interpolate.obj
c:\users\deirdree\documents\acse_stuff\acse-5-advanced-programming-coursework-1-tokyo\climate_tracker_rboyne_dpolak\climate_tracker_rboyne_dpolak\x64\debug\error_prediction.obj
c:\users\deirdree\documents\acse_stuff\acse-5-advanced-programming-coursework-1-tokyo\climate_tracker_rboyne_dpolak\climate_tracker_rboyne_dpolak\x64\debug\climate_tracker_rboyne_dpolak.obj
c:\users\richard\onedrive - imperial college london\_acse-5\project_1\climate_tracker_rboyne_dpolak\climate_tracker_rboyne_dpolak\x64\debug\vc141.pdb
c:\users\richard\onedrive - imperial college london\_acse-5\project_1\climate_tracker_rboyne_dpolak\climate_tracker_rboyne_dpolak\x64\debug\vc141.idb
c:\users\richard\onedrive - imperial college london\_acse-5\project_1\climate_tracker_rboyne_dpolak\climate_tracker_rboyne_dpolak\x64\debug\load_data.obj
c:\users\richard\onedrive - imperial college london\_acse-5\project_1\climate_tracker_rboyne_dpolak\climate_tracker_rboyne_dpolak\x64\debug\error_prediction.obj
c:\users\richard\onedrive - imperial college london\_acse-5\project_1\climate_tracker_rboyne_dpolak\climate_tracker_rboyne_dpolak\x64\debug\climate_tracker_rboyne_dpolak.obj
c:\users\richard\onedrive - imperial college london\_acse-5\project_1\climate_tracker_rboyne_dpolak\climate_tracker_rboyne_dpolak\x64\debug\interpolate.obj
c:\users\richard\onedrive - imperial college london\_acse-5\project_1\climate_tracker_rboyne_dpolak\climate_tracker_rboyne_dpolak\x64\debug\general.obj
c:\users\richard\onedrive - imperial college london\_acse-5\project_1\climate_tracker_rboyne_dpolak\climate_tracker_rboyne_dpolak\x64\debug\unit_tests.obj
c:\users\deirdree\documents\acse_stuff\acse-5-advanced-programming-coursework-1-tokyo\climate_tracker_rboyne_dpolak\x64\debug\climate_tracker_rboyne_dpolak.ilk
c:\users\deirdree\documents\acse_stuff\acse-5-advanced-programming-coursework-1-tokyo\climate_tracker_rboyne_dpolak\x64\debug\climate_tracker_rboyne_dpolak.exe
c:\users\deirdree\documents\acse_stuff\acse-5-advanced-programming-coursework-1-tokyo\climate_tracker_rboyne_dpolak\x64\debug\climate_tracker_rboyne_dpolak.pdb
c:\users\richard\onedrive - imperial college london\_acse-5\project_1\climate_tracker_rboyne_dpolak\x64\debug\climate_tracker_rboyne_dpolak.ilk
c:\users\richard\onedrive - imperial college london\_acse-5\project_1\climate_tracker_rboyne_dpolak\x64\debug\climate_tracker_rboyne_dpolak.exe
c:\users\richard\onedrive - imperial college london\_acse-5\project_1\climate_tracker_rboyne_dpolak\x64\debug\climate_tracker_rboyne_dpolak.pdb
c:\users\richard\onedrive - imperial college london\_acse-5\project_1\climate_tracker_rboyne_dpolak\climate_tracker_rboyne_dpolak\x64\debug\plot.obj
c:\users\richard\onedrive - imperial college london\_acse-5\project_1\climate_tracker_rboyne_dpolak\climate_tracker_rboyne_dpolak\x64\debug\save_data.obj
c:\users\richard\onedrive - imperial college london\_acse-5\project_1\climate_tracker_rboyne_dpolak\climate_tracker_rboyne_dpolak\x64\debug\climate_tracker_rboyne_dpolak.obj.enc
c:\users\richard\onedrive - imperial college london\_acse-5\project_1\climate_tracker_rboyne_dpolak\climate_tracker_rboyne_dpolak\x64\debug\climate_.2c273963.tlog\cl.command.1.tlog
c:\users\richard\onedrive - imperial college london\_acse-5\project_1\climate_tracker_rboyne_dpolak\climate_tracker_rboyne_dpolak\x64\debug\climate_.2c273963.tlog\cl.read.1.tlog
c:\users\richard\onedrive - imperial college london\_acse-5\project_1\climate_tracker_rboyne_dpolak\climate_tracker_rboyne_dpolak\x64\debug\climate_.2c273963.tlog\cl.write.1.tlog
c:\users\richard\onedrive - imperial college london\_acse-5\project_1\climate_tracker_rboyne_dpolak\climate_tracker_rboyne_dpolak\x64\debug\climate_.2c273963.tlog\link.command.1.tlog
c:\users\richard\onedrive - imperial college london\_acse-5\project_1\climate_tracker_rboyne_dpolak\climate_tracker_rboyne_dpolak\x64\debug\climate_.2c273963.tlog\link.read.1.tlog
c:\users\richard\onedrive - imperial college london\_acse-5\project_1\climate_tracker_rboyne_dpolak\climate_tracker_rboyne_dpolak\x64\debug\climate_.2c273963.tlog\link.write.1.tlog
